TN:
SF:src\server.ts
FN:88,(anonymous_1)
FN:102,(anonymous_2)
FN:112,(anonymous_3)
FN:117,(anonymous_4)
FN:129,(anonymous_5)
FN:130,(anonymous_6)
FN:135,(anonymous_7)
FNF:7
FNH:0
FNDA:0,(anonymous_1)
FNDA:0,(anonymous_2)
FNDA:0,(anonymous_3)
FNDA:0,(anonymous_4)
FNDA:0,(anonymous_5)
FNDA:0,(anonymous_6)
FNDA:0,(anonymous_7)
DA:2,1
DA:3,1
DA:4,1
DA:5,1
DA:6,1
DA:7,1
DA:8,1
DA:9,1
DA:10,1
DA:13,1
DA:14,1
DA:15,1
DA:16,1
DA:17,1
DA:18,1
DA:19,1
DA:22,1
DA:24,1
DA:25,1
DA:26,1
DA:28,1
DA:29,1
DA:32,1
DA:45,1
DA:46,0
DA:52,0
DA:58,0
DA:59,0
DA:63,1
DA:71,1
DA:72,1
DA:73,1
DA:76,1
DA:79,1
DA:80,1
DA:81,1
DA:82,1
DA:83,1
DA:84,1
DA:85,1
DA:88,1
DA:89,0
DA:102,1
DA:103,0
DA:104,0
DA:112,1
DA:113,0
DA:117,1
DA:118,0
DA:119,0
DA:124,0
DA:128,1
DA:129,0
DA:130,0
DA:131,0
DA:132,0
DA:133,0
DA:136,0
DA:137,0
DA:141,1
LF:60
LH:42
BRDA:25,0,0,1
BRDA:25,0,1,0
BRDA:26,1,0,1
BRDA:26,1,1,0
BRDA:29,2,0,1
BRDA:29,2,1,1
BRDA:45,3,0,0
BRDA:64,4,0,0
BRDA:64,4,1,1
BRDA:94,5,0,0
BRDA:94,5,1,0
BRDA:96,6,0,0
BRDA:96,6,1,0
BRDA:104,7,0,0
BRDA:104,7,1,0
BRDA:106,8,0,0
BRDA:106,8,1,0
BRDA:107,9,0,0
BRDA:107,9,1,0
BRDA:118,10,0,0
BRDA:128,11,0,0
BRDA:133,12,0,0
BRDA:133,12,1,0
BRF:23
BRH:5
end_of_record
TN:
SF:src\middleware\auth.ts
FN:9,(anonymous_1)
FN:53,(anonymous_2)
FN:63,(anonymous_3)
FNF:3
FNH:1
FNDA:3,(anonymous_1)
FNDA:0,(anonymous_2)
FNDA:0,(anonymous_3)
DA:2,1
DA:3,1
DA:9,1
DA:10,3
DA:11,3
DA:12,3
DA:14,3
DA:15,1
DA:21,2
DA:22,0
DA:25,2
DA:26,2
DA:28,2
DA:29,0
DA:35,2
DA:36,2
DA:38,0
DA:39,0
DA:46,0
DA:53,1
DA:54,0
DA:55,0
DA:60,0
DA:63,1
DA:64,0
DA:65,0
DA:66,0
DA:68,0
DA:69,0
DA:70,0
DA:71,0
DA:72,0
DA:75,0
DA:78,0
LF:34
LH:16
BRDA:12,0,0,3
BRDA:12,0,1,2
BRDA:14,1,0,1
BRDA:21,2,0,0
BRDA:28,3,0,0
BRDA:28,4,0,2
BRDA:28,4,1,2
BRDA:38,5,0,0
BRDA:54,6,0,0
BRDA:54,7,0,0
BRDA:54,7,1,0
BRDA:66,8,0,0
BRDA:66,8,1,0
BRDA:68,9,0,0
BRDA:68,10,0,0
BRDA:68,10,1,0
BRDA:71,11,0,0
BRDA:71,12,0,0
BRDA:71,12,1,0
BRF:19
BRH:5
end_of_record
TN:
SF:src\models\Coupon.ts
FN:45,(anonymous_9)
FN:83,(anonymous_10)
FNF:2
FNH:0
FNDA:0,(anonymous_9)
FNDA:0,(anonymous_10)
DA:1,0
DA:20,0
DA:46,0
DA:47,0
DA:49,0
DA:84,0
DA:98,0
DA:99,0
DA:100,0
DA:102,0
LF:10
LH:0
BRDA:46,0,0,0
BRF:1
BRH:0
end_of_record
TN:
SF:src\models\Dish.ts
FNF:0
FNH:0
DA:1,0
DA:18,0
DA:75,0
DA:76,0
DA:77,0
DA:78,0
DA:80,0
LF:7
LH:0
BRF:0
BRH:0
end_of_record
TN:
SF:src\models\Order.ts
FNF:0
FNH:0
DA:1,0
DA:32,0
DA:54,0
DA:117,0
DA:118,0
DA:119,0
DA:120,0
DA:122,0
LF:8
LH:0
BRF:0
BRH:0
end_of_record
TN:
SF:src\models\Reservation.ts
FN:28,(anonymous_9)
FNF:1
FNH:0
FNDA:0,(anonymous_9)
DA:1,0
DA:18,0
DA:29,0
DA:80,0
DA:81,0
DA:82,0
DA:85,0
DA:87,0
LF:8
LH:0
BRF:0
BRH:0
end_of_record
TN:
SF:src\models\Review.ts
FNF:0
FNH:0
DA:1,0
DA:19,0
DA:68,0
DA:69,0
DA:70,0
DA:71,0
DA:74,0
DA:76,0
LF:8
LH:0
BRF:0
BRH:0
end_of_record
TN:
SF:src\models\User.ts
FN:75,(anonymous_10)
FN:84,(anonymous_11)
FN:97,(anonymous_12)
FN:104,(anonymous_13)
FNF:4
FNH:3
FNDA:0,(anonymous_10)
FNDA:20,(anonymous_11)
FNDA:2,(anonymous_12)
FNDA:9,(anonymous_13)
DA:1,1
DA:2,1
DA:3,1
DA:20,1
DA:71,1
DA:72,1
DA:75,1
DA:76,0
DA:77,0
DA:78,0
DA:79,0
DA:80,0
DA:84,1
DA:85,20
DA:87,10
DA:88,10
DA:89,10
DA:90,10
DA:92,0
DA:97,1
DA:100,2
DA:104,1
DA:108,9
DA:109,0
DA:112,9
DA:118,9
DA:124,9
DA:125,9
DA:128,9
DA:129,0
DA:132,9
DA:134,9
DA:137,1
LF:33
LH:25
BRDA:85,0,0,10
BRDA:108,1,0,0
BRDA:108,2,0,9
BRDA:108,2,1,9
BRDA:124,3,0,9
BRDA:124,3,1,0
BRDA:128,4,0,0
BRF:7
BRH:4
end_of_record
TN:
SF:src\routes\auth.ts
FN:27,(anonymous_1)
FN:88,(anonymous_2)
FN:150,(anonymous_3)
FN:175,(anonymous_4)
FN:206,(anonymous_5)
FN:213,(anonymous_6)
FN:243,(anonymous_7)
FNF:7
FNH:7
FNDA:9,(anonymous_1)
FNDA:3,(anonymous_2)
FNDA:2,(anonymous_3)
FNDA:1,(anonymous_4)
FNDA:1,(anonymous_5)
FNDA:1,(anonymous_6)
FNDA:1,(anonymous_7)
DA:1,1
DA:2,1
DA:3,1
DA:4,1
DA:5,1
DA:7,1
DA:12,1
DA:19,1
DA:27,1
DA:28,9
DA:29,9
DA:32,8
DA:33,8
DA:34,1
DA:41,7
DA:42,7
DA:45,7
DA:48,7
DA:55,7
DA:69,1
DA:70,1
DA:77,0
DA:78,0
DA:88,1
DA:89,3
DA:90,3
DA:92,3
DA:93,3
DA:94,1
DA:100,2
DA:101,2
DA:102,1
DA:108,1
DA:110,1
DA:117,1
DA:131,0
DA:132,0
DA:139,0
DA:140,0
DA:150,1
DA:151,2
DA:152,2
DA:154,2
DA:155,1
DA:161,1
DA:162,1
DA:164,1
DA:166,1
DA:167,1
DA:168,0
DA:175,1
DA:177,1
DA:179,1
DA:186,1
DA:192,0
DA:193,0
DA:206,1
DA:207,1
DA:208,1
DA:210,1
DA:211,1
DA:212,1
DA:213,1
DA:214,1
DA:219,1
DA:226,1
DA:231,0
DA:232,0
DA:243,1
DA:244,1
DA:245,1
DA:259,0
DA:260,0
DA:267,1
LF:74
LH:61
BRDA:33,0,0,1
BRDA:69,1,0,1
BRDA:93,2,0,1
BRDA:93,3,0,3
BRDA:93,3,1,2
BRDA:101,4,0,1
BRDA:131,5,0,0
BRDA:154,6,0,1
BRDA:161,7,0,1
BRDA:161,7,1,0
BRDA:162,8,0,0
BRDA:167,9,0,0
BRDA:167,10,0,1
BRDA:167,10,1,1
BRDA:167,10,2,1
BRDA:210,11,0,1
BRDA:210,12,0,1
BRDA:210,12,1,1
BRDA:212,13,0,1
BRF:19
BRH:15
end_of_record
TN:
SF:src\routes\coupons.ts
FN:4,(anonymous_1)
FNF:1
FNH:0
FNDA:0,(anonymous_1)
DA:1,1
DA:2,1
DA:4,1
DA:5,0
DA:8,1
LF:5
LH:4
BRF:0
BRH:0
end_of_record
TN:
SF:src\routes\dishes.ts
FN:4,(anonymous_1)
FNF:1
FNH:0
FNDA:0,(anonymous_1)
DA:1,1
DA:2,1
DA:4,1
DA:5,0
DA:8,1
LF:5
LH:4
BRF:0
BRH:0
end_of_record
TN:
SF:src\routes\orders.ts
FN:4,(anonymous_1)
FNF:1
FNH:0
FNDA:0,(anonymous_1)
DA:1,1
DA:2,1
DA:4,1
DA:5,0
DA:8,1
LF:5
LH:4
BRF:0
BRH:0
end_of_record
TN:
SF:src\routes\reservations.ts
FN:4,(anonymous_1)
FNF:1
FNH:0
FNDA:0,(anonymous_1)
DA:1,1
DA:2,1
DA:4,1
DA:5,0
DA:8,1
LF:5
LH:4
BRF:0
BRH:0
end_of_record
TN:
SF:src\routes\reviews.ts
FN:4,(anonymous_1)
FNF:1
FNH:0
FNDA:0,(anonymous_1)
DA:1,1
DA:2,1
DA:4,1
DA:5,0
DA:8,1
LF:5
LH:4
BRF:0
BRH:0
end_of_record
TN:
SF:src\routes\users.ts
FN:4,(anonymous_1)
FNF:1
FNH:0
FNDA:0,(anonymous_1)
DA:1,1
DA:2,1
DA:4,1
DA:5,0
DA:8,1
LF:5
LH:4
BRF:0
BRH:0
end_of_record
TN:
SF:src\utils\config.ts
FN:27,(anonymous_1)
FN:29,(anonymous_2)
FNF:2
FNH:0
FNDA:0,(anonymous_1)
FNDA:0,(anonymous_2)
DA:1,0
DA:3,0
DA:5,0
DA:27,0
DA:28,0
DA:29,0
DA:31,0
DA:32,0
DA:33,0
LF:9
LH:0
BRDA:6,0,0,0
BRDA:6,0,1,0
BRDA:7,1,0,0
BRDA:7,1,1,0
BRDA:8,2,0,0
BRDA:8,2,1,0
BRDA:9,3,0,0
BRDA:9,3,1,0
BRDA:10,4,0,0
BRDA:10,4,1,0
BRDA:11,5,0,0
BRDA:11,5,1,0
BRDA:13,6,0,0
BRDA:13,6,1,0
BRDA:14,7,0,0
BRDA:14,7,1,0
BRDA:15,8,0,0
BRDA:15,8,1,0
BRDA:18,9,0,0
BRDA:18,9,1,0
BRDA:21,10,0,0
BRDA:21,10,1,0
BRDA:22,11,0,0
BRDA:22,11,1,0
BRDA:31,12,0,0
BRF:25
BRH:0
end_of_record
